[debug] [2021-10-12T00:15:32.498Z] ----------------------------------------------------------------------
[debug] [2021-10-12T00:15:32.500Z] Command:       C:\Program Files\nodejs\node.exe C:\Program Files\nodejs\node_modules\firebase-tools\lib\bin\firebase.js --token=<token> projects:list
[debug] [2021-10-12T00:15:32.501Z] CLI Version:   9.20.0
[debug] [2021-10-12T00:15:32.501Z] Platform:      win32
[debug] [2021-10-12T00:15:32.501Z] Node Version:  v14.18.0
[debug] [2021-10-12T00:15:32.502Z] Time:          Tue Oct 12 2021 03:45:32 GMT+0330 (Iran Standard Time)
[debug] [2021-10-12T00:15:32.502Z] ----------------------------------------------------------------------
[debug] 
[debug] [2021-10-12T00:15:32.508Z] >>> [apiv2][query] GET https://firebase-public.firebaseio.com/cli.json [none]
[debug] [2021-10-12T00:15:32.534Z] > command requires scopes: ["email","openid","https://www.googleapis.com/auth/cloudplatformprojects.readonly","https://www.googleapis.com/auth/firebase","https://www.googleapis.com/auth/cloud-platform"]
[debug] [2021-10-12T00:15:32.535Z] > authorizing via --token option
[debug] [2021-10-12T00:15:32.538Z] > refreshing access token with scopes: []
[debug] [2021-10-12T00:15:32.538Z] >>> HTTP REQUEST POST https://www.googleapis.com/oauth2/v3/token  
 <request body omitted>
[debug] [2021-10-12T00:15:33.024Z] <<< HTTP RESPONSE 400 {"date":"Tue, 12 Oct 2021 00:15:34 GMT","pragma":"no-cache","cache-control":"no-cache, no-store, max-age=0, must-revalidate","expires":"Mon, 01 Jan 1990 00:00:00 GMT","content-type":"application/json; charset=utf-8","vary":"X-Origin, Referer, Origin,Accept-Encoding","server":"scaffolding on HTTPServer2","x-xss-protection":"0","x-frame-options":"SAMEORIGIN","x-content-type-options":"nosniff","alt-svc":"h3=\":443\"; ma=2592000,h3-29=\":443\"; ma=2592000,h3-T051=\":443\"; ma=2592000,h3-Q050=\":443\"; ma=2592000,h3-Q046=\":443\"; ma=2592000,h3-Q043=\":443\"; ma=2592000,quic=\":443\"; ma=2592000; v=\"46,43\"","accept-ranges":"none","transfer-encoding":"chunked"}
[debug] [2021-10-12T00:15:33.026Z] >>> [apiv2][query] GET https://firebase.googleapis.com/v1beta1/projects pageSize=1000
[debug] [2021-10-12T00:15:33.668Z] Failed to make request: invalid json response body at https://firebase.googleapis.com/v1beta1/projects?pageSize=1000 reason: Unexpected token < in JSON at position 0
[debug] [2021-10-12T00:15:33.670Z] FirebaseError: Failed to make request: invalid json response body at https://firebase.googleapis.com/v1beta1/projects?pageSize=1000 reason: Unexpected token < in JSON at position 0
    at Client.request (C:\Program Files\nodejs\node_modules\firebase-tools\lib\apiv2.js:109:19)
    at processTicksAndRejections (internal/process/task_queues.js:95:5)
    at async getProjectPage (C:\Program Files\nodejs\node_modules\firebase-tools\lib\management\projects.js:233:17)
    at async getFirebaseProjectPage (C:\Program Files\nodejs\node_modules\firebase-tools\lib\management\projects.js:250:23)
    at async Object.listFirebaseProjects (C:\Program Files\nodejs\node_modules\firebase-tools\lib\management\projects.js:281:29)
    at async Command.actionFn (C:\Program Files\nodejs\node_modules\firebase-tools\lib\commands\projects-list.js:50:20)
[error] 
[error] Error: Failed to list Firebase projects. See firebase-debug.log for more info.
[debug] [2021-10-12T00:16:11.137Z] ----------------------------------------------------------------------
[debug] [2021-10-12T00:16:11.140Z] Command:       C:\Program Files\nodejs\node.exe C:\Program Files\nodejs\node_modules\firebase-tools\lib\bin\firebase.js --token=<token> projects:list
[debug] [2021-10-12T00:16:11.141Z] CLI Version:   9.20.0
[debug] [2021-10-12T00:16:11.141Z] Platform:      win32
[debug] [2021-10-12T00:16:11.141Z] Node Version:  v14.18.0
[debug] [2021-10-12T00:16:11.143Z] Time:          Tue Oct 12 2021 03:46:11 GMT+0330 (Iran Standard Time)
[debug] [2021-10-12T00:16:11.143Z] ----------------------------------------------------------------------
[debug] 
[debug] [2021-10-12T00:16:11.147Z] >>> [apiv2][query] GET https://firebase-public.firebaseio.com/cli.json [none]
[debug] [2021-10-12T00:16:11.187Z] > command requires scopes: ["email","openid","https://www.googleapis.com/auth/cloudplatformprojects.readonly","https://www.googleapis.com/auth/firebase","https://www.googleapis.com/auth/cloud-platform"]
[debug] [2021-10-12T00:16:11.187Z] > authorizing via --token option
[debug] [2021-10-12T00:16:11.193Z] > refreshing access token with scopes: []
[debug] [2021-10-12T00:16:11.194Z] >>> HTTP REQUEST POST https://www.googleapis.com/oauth2/v3/token  
 <request body omitted>
[debug] [2021-10-12T00:16:11.696Z] <<< HTTP RESPONSE 400 {"date":"Tue, 12 Oct 2021 00:16:12 GMT","expires":"Mon, 01 Jan 1990 00:00:00 GMT","cache-control":"no-cache, no-store, max-age=0, must-revalidate","pragma":"no-cache","content-type":"application/json; charset=utf-8","vary":"X-Origin, Referer, Origin,Accept-Encoding","server":"scaffolding on HTTPServer2","x-xss-protection":"0","x-frame-options":"SAMEORIGIN","x-content-type-options":"nosniff","alt-svc":"h3=\":443\"; ma=2592000,h3-29=\":443\"; ma=2592000,h3-T051=\":443\"; ma=2592000,h3-Q050=\":443\"; ma=2592000,h3-Q046=\":443\"; ma=2592000,h3-Q043=\":443\"; ma=2592000,quic=\":443\"; ma=2592000; v=\"46,43\"","accept-ranges":"none","transfer-encoding":"chunked"}
[debug] [2021-10-12T00:16:11.699Z] >>> [apiv2][query] GET https://firebase.googleapis.com/v1beta1/projects pageSize=1000
[debug] [2021-10-12T00:16:12.229Z] Failed to make request: invalid json response body at https://firebase.googleapis.com/v1beta1/projects?pageSize=1000 reason: Unexpected token < in JSON at position 0
[debug] [2021-10-12T00:16:12.233Z] FirebaseError: Failed to make request: invalid json response body at https://firebase.googleapis.com/v1beta1/projects?pageSize=1000 reason: Unexpected token < in JSON at position 0
    at Client.request (C:\Program Files\nodejs\node_modules\firebase-tools\lib\apiv2.js:109:19)
    at processTicksAndRejections (internal/process/task_queues.js:95:5)
    at async getProjectPage (C:\Program Files\nodejs\node_modules\firebase-tools\lib\management\projects.js:233:17)
    at async getFirebaseProjectPage (C:\Program Files\nodejs\node_modules\firebase-tools\lib\management\projects.js:250:23)
    at async Object.listFirebaseProjects (C:\Program Files\nodejs\node_modules\firebase-tools\lib\management\projects.js:281:29)
    at async Command.actionFn (C:\Program Files\nodejs\node_modules\firebase-tools\lib\commands\projects-list.js:50:20)
[error] 
[error] Error: Failed to list Firebase projects. See firebase-debug.log for more info.
[debug] [2021-10-12T00:16:35.628Z] ----------------------------------------------------------------------
[debug] [2021-10-12T00:16:35.632Z] Command:       C:\Program Files\nodejs\node.exe C:\Program Files\nodejs\node_modules\firebase-tools\lib\bin\firebase.js --token=<token> projects:list
[debug] [2021-10-12T00:16:35.633Z] CLI Version:   9.20.0
[debug] [2021-10-12T00:16:35.633Z] Platform:      win32
[debug] [2021-10-12T00:16:35.633Z] Node Version:  v14.18.0
[debug] [2021-10-12T00:16:35.634Z] Time:          Tue Oct 12 2021 03:46:35 GMT+0330 (Iran Standard Time)
[debug] [2021-10-12T00:16:35.634Z] ----------------------------------------------------------------------
[debug] 
[debug] [2021-10-12T00:16:35.636Z] >>> [apiv2][query] GET https://firebase-public.firebaseio.com/cli.json [none]
[debug] [2021-10-12T00:16:35.670Z] > command requires scopes: ["email","openid","https://www.googleapis.com/auth/cloudplatformprojects.readonly","https://www.googleapis.com/auth/firebase","https://www.googleapis.com/auth/cloud-platform"]
[debug] [2021-10-12T00:16:35.670Z] > authorizing via --token option
[debug] [2021-10-12T00:16:35.675Z] > refreshing access token with scopes: []
[debug] [2021-10-12T00:16:35.676Z] >>> HTTP REQUEST POST https://www.googleapis.com/oauth2/v3/token  
 <request body omitted>
[debug] [2021-10-12T00:16:36.493Z] <<< HTTP RESPONSE 400 {"cache-control":"no-cache, no-store, max-age=0, must-revalidate","expires":"Mon, 01 Jan 1990 00:00:00 GMT","date":"Tue, 12 Oct 2021 00:16:37 GMT","pragma":"no-cache","content-type":"application/json; charset=utf-8","vary":"X-Origin, Referer, Origin,Accept-Encoding","server":"scaffolding on HTTPServer2","x-xss-protection":"0","x-frame-options":"SAMEORIGIN","x-content-type-options":"nosniff","alt-svc":"h3=\":443\"; ma=2592000,h3-29=\":443\"; ma=2592000,h3-T051=\":443\"; ma=2592000,h3-Q050=\":443\"; ma=2592000,h3-Q046=\":443\"; ma=2592000,h3-Q043=\":443\"; ma=2592000,quic=\":443\"; ma=2592000; v=\"46,43\"","accept-ranges":"none","transfer-encoding":"chunked"}
[debug] [2021-10-12T00:16:36.495Z] >>> [apiv2][query] GET https://firebase.googleapis.com/v1beta1/projects pageSize=1000
[debug] [2021-10-12T00:16:36.939Z] <<< [apiv2][status] GET https://firebase-public.firebaseio.com/cli.json 200
[debug] [2021-10-12T00:16:36.939Z] <<< [apiv2][body] GET https://firebase-public.firebaseio.com/cli.json {"cloudBuildErrorAfter":1594252800000,"cloudBuildWarnAfter":1590019200000,"defaultNode10After":1594252800000,"minVersion":"3.0.5","node8DeploysDisabledAfter":1613390400000,"node8RuntimeDisabledAfter":1615809600000,"node8WarnAfter":1600128000000}
[debug] [2021-10-12T00:16:37.544Z] <<< [apiv2][status] GET https://firebase.googleapis.com/v1beta1/projects 401
[debug] [2021-10-12T00:16:37.544Z] <<< [apiv2][body] GET https://firebase.googleapis.com/v1beta1/projects [omitted]
[debug] [2021-10-12T00:16:37.546Z] HTTP Error: 401, Request had invalid authentication credentials. Expected OAuth 2 access token, login cookie or other valid authentication credential. See https://developers.google.com/identity/sign-in/web/devconsole-project.
[debug] [2021-10-12T00:16:37.550Z] FirebaseError: HTTP Error: 401, Request had invalid authentication credentials. Expected OAuth 2 access token, login cookie or other valid authentication credential. See https://developers.google.com/identity/sign-in/web/devconsole-project.
    at module.exports (C:\Program Files\nodejs\node_modules\firebase-tools\lib\responseToError.js:38:12)
    at Client.doRequest (C:\Program Files\nodejs\node_modules\firebase-tools\lib\apiv2.js:238:23)
    at processTicksAndRejections (internal/process/task_queues.js:95:5)
    at async Client.request (C:\Program Files\nodejs\node_modules\firebase-tools\lib\apiv2.js:96:20)
    at async getProjectPage (C:\Program Files\nodejs\node_modules\firebase-tools\lib\management\projects.js:233:17)
    at async getFirebaseProjectPage (C:\Program Files\nodejs\node_modules\firebase-tools\lib\management\projects.js:250:23)
    at async Object.listFirebaseProjects (C:\Program Files\nodejs\node_modules\firebase-tools\lib\management\projects.js:281:29)
    at async Command.actionFn (C:\Program Files\nodejs\node_modules\firebase-tools\lib\commands\projects-list.js:50:20)
[error] 
[error] Error: Failed to list Firebase projects. See firebase-debug.log for more info.
[debug] [2021-10-12T09:38:58.906Z] ----------------------------------------------------------------------
[debug] [2021-10-12T09:38:58.910Z] Command:       C:\Program Files\nodejs\node.exe C:\Program Files\nodejs\node_modules\firebase-tools\lib\bin\firebase.js login:ci --no-localhost --debug
[debug] [2021-10-12T09:38:58.910Z] CLI Version:   9.20.0
[debug] [2021-10-12T09:38:58.910Z] Platform:      win32
[debug] [2021-10-12T09:38:58.910Z] Node Version:  v14.18.0
[debug] [2021-10-12T09:38:58.911Z] Time:          Tue Oct 12 2021 13:08:58 GMT+0330 (Iran Standard Time)
[debug] [2021-10-12T09:38:58.912Z] ----------------------------------------------------------------------
[debug] 
[info] 
[info] Visit this URL on any device to log in:
[info] https://accounts.google.com/o/oauth2/auth?client_id=563584335869-fgrhgmd47bqnekij5i8b5pr03ho849e6.apps.googleusercontent.com&scope=email%20openid%20https%3A%2F%2Fwww.googleapis.com%2Fauth%2Fcloudplatformprojects.readonly%20https%3A%2F%2Fwww.googleapis.com%2Fauth%2Ffirebase%20https%3A%2F%2Fwww.googleapis.com%2Fauth%2Fcloud-platform&response_type=code&state=368725188&redirect_uri=urn%3Aietf%3Awg%3Aoauth%3A2.0%3Aoob
[info] 
[debug] [2021-10-12T09:39:59.860Z] >>> HTTP REQUEST POST https://accounts.google.com/o/oauth2/token  
 {"code":"firebase login:ci --no-localhost --debug","client_id":"563584335869-fgrhgmd47bqnekij5i8b5pr03ho849e6.apps.googleusercontent.com","client_secret":"j9iVZfS8kkCEFUPaAeJV0sAi","redirect_uri":"urn:ietf:wg:oauth:2.0:oob","grant_type":"authorization_code"}
